<?xml version="1.0" encoding="UTF-8"?>
<testng-results ignored="0" total="1" passed="1" failed="0" skipped="0">
  <reporter-output>
  </reporter-output>
  <suite started-at="2023-06-22T16:19:55 IST" name="Default suite" finished-at="2023-06-22T16:20:07 IST" duration-ms="12172">
    <groups>
    </groups>
    <test started-at="2023-06-22T16:19:55 IST" name="Default test" finished-at="2023-06-22T16:20:07 IST" duration-ms="12172">
      <class name="com.jenGit.JenGits.AppTest">
        <test-method signature="shouldAnswerWithTrue()[pri:0, instance:com.jenGit.JenGits.AppTest@76508ed1]" started-at="2023-06-22T16:19:55 IST" name="shouldAnswerWithTrue" finished-at="2023-06-22T16:20:07 IST" duration-ms="12107" status="PASS">
          <reporter-output>
          </reporter-output>
        </test-method> <!-- shouldAnswerWithTrue -->
      </class> <!-- com.jenGit.JenGits.AppTest -->
    </test> <!-- Default test -->
  </suite> <!-- Default suite -->
</testng-results>
